2024-07-15 07:03:34 - DEBUG - /etc/timezone found, contents:
 Etc/UTC

2024-07-15 07:03:34 - DEBUG - /etc/localtime found
2024-07-15 07:03:34 - DEBUG - 2 found:
 {'/etc/timezone': 'Etc/UTC', '/etc/localtime is a symlink to': 'Etc/UTC'}
2024-07-15 07:03:34 - INFO - Adding job tentatively -- it will be properly scheduled when the scheduler starts
2024-07-15 07:03:34 - INFO - Added job "tick" to job store "default"
2024-07-15 07:03:34 - INFO - Scheduler started
2024-07-15 07:03:34 - DEBUG - Looking for jobs to run
2024-07-15 07:03:34 - DEBUG - Next wakeup is due at 2024-07-15 07:04:34.335590+00:00 (in 59.999281 seconds)
2024-07-15 07:04:34 - DEBUG - Looking for jobs to run
2024-07-15 07:04:34 - INFO - Running job "tick (trigger: interval[0:01:00], next run at: 2024-07-15 07:04:34 UTC)" (scheduled at 2024-07-15 07:04:34.335590+00:00)
2024-07-15 07:04:34 - DEBUG - Next wakeup is due at 2024-07-15 07:05:34.335590+00:00 (in 59.998803 seconds)
2024-07-15 07:04:34 - INFO - SOO THEN??
2024-07-15 07:04:34 - INFO - the new date '2024-07-15 07:02:19'
2024-07-15 07:04:34 - INFO - LOOP True
2024-07-15 07:04:34 - INFO - START*****EXTRACT MYSQL*****
2024-07-15 07:04:34 - INFO - ------------------------------
2024-07-15 07:04:38 - INFO - 0
2024-07-15 07:04:38 - INFO - start date '2024-07-15 07:02:19'
2024-07-15 07:04:38 - INFO - Select consultation_id, member_id, status, date_added,updated_date From consultation 
where updated_date >= '2024-07-15 07:02:19' LIMIT 500 OFFSET 0;
2024-07-15 07:04:38 - INFO - size is: 8
2024-07-15 07:04:38 - INFO - TEESTTT2
2024-07-15 07:04:38 - INFO -    consultation_id  member_id  ...          date_added        updated_date
0          6188412   12831263  ... 2024-07-15 06:06:03 2024-07-15 07:03:12
1          6188469   12831412  ... 2024-07-15 07:03:37 2024-07-15 07:04:02
2          6188470   10707696  ... 2024-07-15 07:03:57 2024-07-15 07:04:02
3          6188467    7498348  ... 2024-07-15 07:01:45 2024-07-15 07:04:06
4          6188471   12831461  ... 2024-07-15 07:04:02 2024-07-15 07:04:07

[5 rows x 5 columns]
2024-07-15 07:04:38 - INFO - ------------------------------
2024-07-15 07:04:38 - INFO - END*****EXTRACT MYSQL*****
2024-07-15 07:04:38 - INFO - ------------------------------
2024-07-15 07:04:38 - INFO - ------------------------------
2024-07-15 07:04:38 - INFO - ------------------------------
2024-07-15 07:04:38 - INFO - ------------------------------
2024-07-15 07:04:38 - INFO - ------------------------------
2024-07-15 07:04:38 - INFO - START*****LOAD POSTGRES*****
2024-07-15 07:04:38 - INFO - ------------------------------
2024-07-15 07:04:38 - INFO - WHHAAAATSSSS WROOOONGGG
2024-07-15 07:04:38 - INFO - connect: True
2024-07-15 07:04:38 - INFO - <bound method NDFrame.head of    consultation_id  member_id  ...           date_added         updated_date
0          6188412   12831263  ...  2024-07-15 06:06:03  2024-07-15 07:03:12
1          6188469   12831412  ...  2024-07-15 07:03:37  2024-07-15 07:04:02
2          6188470   10707696  ...  2024-07-15 07:03:57  2024-07-15 07:04:02
3          6188467    7498348  ...  2024-07-15 07:01:45  2024-07-15 07:04:06
4          6188471   12831461  ...  2024-07-15 07:04:02  2024-07-15 07:04:07
5          6188468   11299640  ...  2024-07-15 07:02:16  2024-07-15 07:04:17
6          6188464   10072493  ...  2024-07-15 06:56:49  2024-07-15 07:04:32
7          6188457   12831425  ...  2024-07-15 06:51:13  2024-07-15 07:04:37

[8 rows x 5 columns]>
2024-07-15 07:04:38 - INFO - data_size: (8, 5)
2024-07-15 07:04:38 - INFO - '2024-07-15 07:02:19'
2024-07-15 07:04:38 - INFO - ---------------
2024-07-15 07:04:38 - INFO - TEST1
2024-07-15 07:04:38 - INFO - TEST2
2024-07-15 07:04:38 - INFO - TEST3
2024-07-15 07:04:38 - INFO - <class '_io.StringIO'>
2024-07-15 07:04:38 - DEBUG - <built-in method read of _io.StringIO object at 0x75f971007d90>
2024-07-15 07:04:38 - INFO - TEST4
2024-07-15 07:04:38 - INFO - TEST5
2024-07-15 07:04:38 - INFO - rows inserted to consultation_pg_temp 8
2024-07-15 07:04:38 - INFO - TEST6
2024-07-15 07:04:38 - INFO - Select COUNT(*) FROM consultation_pg_temp
WHERE consultation_pg.consultation_id = consultation_pg_temp.consultation_id 


2024-07-15 07:04:38 - INFO - missing FROM-clause entry for table "consultation_pg"
LINE 2: WHERE consultation_pg.consultation_id = consultation_pg_temp...
              ^

2024-07-15 07:04:38 - INFO - TEST7_1
2024-07-15 07:04:38 - INFO - Update consultation_pg 
Set status = consultation_pg_temp.status,
updated_date = consultation_pg_temp.updated_date FROM consultation_pg_temp
WHERE consultation_pg.consultation_id = consultation_pg_temp.consultation_id 


2024-07-15 07:04:38 - INFO - TEST7_2
2024-07-15 07:04:38 - DEBUG - insert count: (3,)
2024-07-15 07:04:38 - INFO - TEST8
2024-07-15 07:04:38 - INFO - TEST9
2024-07-15 07:04:38 - INFO - time taken By Solution C: 0.027509450912475586
2024-07-15 07:04:38 - INFO - ------------------------------
2024-07-15 07:04:38 - INFO - END*****LOAD POSTGRES*****
2024-07-15 07:04:38 - INFO - /app/data/data_to_load.csv
2024-07-15 07:04:38 - INFO - file removed successfully
2024-07-15 07:04:38 - INFO - iter: 0 done
2024-07-15 07:04:39 - INFO - LOOP True
2024-07-15 07:04:39 - INFO - START*****EXTRACT MYSQL*****
2024-07-15 07:04:39 - INFO - ------------------------------
2024-07-15 07:04:42 - INFO - 500
2024-07-15 07:04:42 - INFO - start date '2024-07-15 07:02:19'
2024-07-15 07:04:42 - INFO - Select consultation_id, member_id, status, date_added,updated_date From consultation 
where updated_date >= '2024-07-15 07:02:19' LIMIT 500 OFFSET 500;
2024-07-15 07:04:42 - INFO - size is zero
2024-07-15 07:04:42 - INFO - 2024-07-15 07:04:37
2024-07-15 07:04:42 - INFO - 2024-07-15 07:04:37
2024-07-15 07:04:42 - INFO - TEESTTT
2024-07-15 07:04:43 - INFO - 
2024-07-15 07:04:43 - INFO - Job "tick (trigger: interval[0:01:00], next run at: 2024-07-15 07:05:34 UTC)" executed successfully
2024-07-15 07:05:06 - DEBUG - /etc/timezone found, contents:
 Etc/UTC

2024-07-15 07:05:06 - DEBUG - /etc/localtime found
2024-07-15 07:05:06 - DEBUG - 2 found:
 {'/etc/timezone': 'Etc/UTC', '/etc/localtime is a symlink to': 'Etc/UTC'}
2024-07-15 07:05:06 - INFO - Adding job tentatively -- it will be properly scheduled when the scheduler starts
2024-07-15 07:05:06 - INFO - Added job "tick" to job store "default"
2024-07-15 07:05:06 - INFO - Scheduler started
2024-07-15 07:05:06 - DEBUG - Looking for jobs to run
2024-07-15 07:05:06 - DEBUG - Next wakeup is due at 2024-07-15 07:35:06.677074+00:00 (in 1799.999314 seconds)
2024-07-15 07:35:06 - DEBUG - Looking for jobs to run
2024-07-15 07:35:06 - INFO - Running job "tick (trigger: interval[0:30:00], next run at: 2024-07-15 07:35:06 UTC)" (scheduled at 2024-07-15 07:35:06.677074+00:00)
2024-07-15 07:35:06 - DEBUG - Next wakeup is due at 2024-07-15 08:05:06.677074+00:00 (in 1799.934838 seconds)
2024-07-15 07:35:06 - INFO - SOO THEN??
2024-07-15 07:35:06 - INFO - the new date '2024-07-15 07:04:37'
2024-07-15 07:35:06 - INFO - LOOP True
2024-07-15 07:35:06 - INFO - START*****EXTRACT MYSQL*****
2024-07-15 07:35:06 - INFO - ------------------------------
2024-07-15 07:35:09 - INFO - 0
2024-07-15 07:35:09 - INFO - start date '2024-07-15 07:04:37'
2024-07-15 07:35:09 - INFO - Select consultation_id, member_id, status, date_added,updated_date From consultation 
where updated_date >= '2024-07-15 07:04:37' LIMIT 500 OFFSET 0;
2024-07-15 07:35:10 - INFO - size is: 54
2024-07-15 07:35:10 - INFO - TEESTTT2
2024-07-15 07:35:10 - INFO -    consultation_id  member_id  status          date_added        updated_date
0          6188457   12831425  closed 2024-07-15 06:51:13 2024-07-15 07:04:37
1          6187744    7778613  closed 2024-07-14 17:33:13 2024-07-15 07:05:17
2          6188136    7339236  closed 2024-07-14 22:40:57 2024-07-15 07:06:00
3          6188312   12830875  closed 2024-07-15 03:16:19 2024-07-15 07:07:16
4          6188463   12831439  closed 2024-07-15 06:55:23 2024-07-15 07:08:40
2024-07-15 07:35:10 - INFO - ------------------------------
2024-07-15 07:35:10 - INFO - END*****EXTRACT MYSQL*****
2024-07-15 07:35:10 - INFO - ------------------------------
2024-07-15 07:35:10 - INFO - ------------------------------
2024-07-15 07:35:10 - INFO - ------------------------------
2024-07-15 07:35:10 - INFO - ------------------------------
2024-07-15 07:35:10 - INFO - ------------------------------
2024-07-15 07:35:10 - INFO - START*****LOAD POSTGRES*****
2024-07-15 07:35:10 - INFO - ------------------------------
2024-07-15 07:35:10 - INFO - WHHAAAATSSSS WROOOONGGG
2024-07-15 07:35:10 - INFO - connect: True
2024-07-15 07:35:10 - INFO - <bound method NDFrame.head of     consultation_id  member_id  ...           date_added         updated_date
0           6188457   12831425  ...  2024-07-15 06:51:13  2024-07-15 07:04:37
1           6187744    7778613  ...  2024-07-14 17:33:13  2024-07-15 07:05:17
2           6188136    7339236  ...  2024-07-14 22:40:57  2024-07-15 07:06:00
3           6188312   12830875  ...  2024-07-15 03:16:19  2024-07-15 07:07:16
4           6188463   12831439  ...  2024-07-15 06:55:23  2024-07-15 07:08:40
5           6188458   12552828  ...  2024-07-15 06:51:52  2024-07-15 07:10:13
6           6188476    9481919  ...  2024-07-15 07:08:17  2024-07-15 07:10:13
7           6188475   12831474  ...  2024-07-15 07:07:31  2024-07-15 07:11:37
8           6188468   11299640  ...  2024-07-15 07:02:16  2024-07-15 07:12:16
9           6188465   12831437  ...  2024-07-15 06:56:52  2024-07-15 07:13:05
10          6186755   12743283  ...  2024-07-14 07:41:28  2024-07-15 07:14:03
11          6188488   12685740  ...  2024-07-15 07:14:05  2024-07-15 07:14:05
12          6188485   12831485  ...  2024-07-15 07:12:11  2024-07-15 07:15:34
13          6188473   11610604  ...  2024-07-15 07:06:14  2024-07-15 07:15:56
14          6188482    2261759  ...  2024-07-15 07:11:16  2024-07-15 07:15:57
15          6188462     910587  ...  2024-07-15 06:55:01  2024-07-15 07:16:42
16          6188450   12831355  ...  2024-07-15 06:46:02  2024-07-15 07:17:23
17          6188479   12831332  ...  2024-07-15 07:10:05  2024-07-15 07:18:14
18          6188446   12831332  ...  2024-07-15 06:40:26  2024-07-15 07:19:01
19          6188490   11763795  ...  2024-07-15 07:19:26  2024-07-15 07:19:27
20          6188474    7869990  ...  2024-07-15 07:06:30  2024-07-15 07:19:37
21          6188486   12719966  ...  2024-07-15 07:12:22  2024-07-15 07:19:54
22          6188461   12329929  ...  2024-07-15 06:54:24  2024-07-15 07:20:54
23          6188489   12830875  ...  2024-07-15 07:17:16  2024-07-15 07:21:04
24          6188471   12831461  ...  2024-07-15 07:04:02  2024-07-15 07:21:33
25          6188466   12831450  ...  2024-07-15 06:58:18  2024-07-15 07:21:38
26          6188492    2073741  ...  2024-07-15 07:20:10  2024-07-15 07:22:17
27          6188481   12831484  ...  2024-07-15 07:10:44  2024-07-15 07:23:48
28          6188470   10707696  ...  2024-07-15 07:03:57  2024-07-15 07:24:06
29          6188483    4041948  ...  2024-07-15 07:11:35  2024-07-15 07:25:01
30          6188487    7440251  ...  2024-07-15 07:13:34  2024-07-15 07:25:20
31          6188434    9682542  ...  2024-07-15 06:31:11  2024-07-15 07:26:16
32          6188496    4551610  ...  2024-07-15 07:25:30  2024-07-15 07:26:58
33          6188410   12831300  ...  2024-07-15 06:05:23  2024-07-15 07:28:07
34          6188469   12831412  ...  2024-07-15 07:03:37  2024-07-15 07:28:29
35          6188478   12831476  ...  2024-07-15 07:09:43  2024-07-15 07:28:38
36          6188472    4858423  ...  2024-07-15 07:05:18  2024-07-15 07:29:15
37          6188480    9481919  ...  2024-07-15 07:10:26  2024-07-15 07:29:15
38          6188498    7794907  ...  2024-07-15 07:27:49  2024-07-15 07:29:46
39          6188493   12831500  ...  2024-07-15 07:21:37  2024-07-15 07:30:04
40          6188464   10072493  ...  2024-07-15 06:56:49  2024-07-15 07:30:24
41          6188440   12831383  ...  2024-07-15 06:36:24  2024-07-15 07:32:36
42          6188500   12831532  ...  2024-07-15 07:30:35  2024-07-15 07:32:40
43          6188499   12813789  ...  2024-07-15 07:28:30  2024-07-15 07:32:45
44          6188484   12831229  ...  2024-07-15 07:12:07  2024-07-15 07:33:27
45          6188369    3645238  ...  2024-07-15 05:08:34  2024-07-15 07:33:38
46          6188495   12831496  ...  2024-07-15 07:24:06  2024-07-15 07:33:57
47          6188477   12734667  ...  2024-07-15 07:09:04  2024-07-15 07:34:26
48          6188452   12670098  ...  2024-07-15 06:47:59  2024-07-15 07:34:32
49          6188501    9034902  ...  2024-07-15 07:33:46  2024-07-15 07:34:56
50          6188491   12827030  ...  2024-07-15 07:19:45  2024-07-15 07:35:04
51          6188494   12831434  ...  2024-07-15 07:22:47  2024-07-15 07:35:04
52          6188497    2677161  ...  2024-07-15 07:27:04  2024-07-15 07:35:04
53          6188502   12819474  ...  2024-07-15 07:35:01  2024-07-15 07:35:07

[54 rows x 5 columns]>
2024-07-15 07:35:10 - INFO - data_size: (54, 5)
2024-07-15 07:35:10 - INFO - '2024-07-15 07:04:37'
2024-07-15 07:35:10 - INFO - ---------------
2024-07-15 07:35:10 - INFO - TEST1
2024-07-15 07:35:10 - INFO - TEST2
2024-07-15 07:35:10 - INFO - TEST3
2024-07-15 07:35:10 - INFO - <class '_io.StringIO'>
2024-07-15 07:35:10 - DEBUG - <built-in method read of _io.StringIO object at 0x73e52d739870>
2024-07-15 07:35:10 - INFO - TEST4
2024-07-15 07:35:10 - INFO - TEST5
2024-07-15 07:35:10 - INFO - rows inserted to consultation_pg_temp 54
2024-07-15 07:35:10 - INFO - TEST6
2024-07-15 07:35:10 - INFO - Select COUNT(*) FROM consultation_pg_temp
WHERE consultation_pg.consultation_id = consultation_pg_temp.consultation_id 


2024-07-15 07:35:10 - INFO - missing FROM-clause entry for table "consultation_pg"
LINE 2: WHERE consultation_pg.consultation_id = consultation_pg_temp...
              ^

2024-07-15 07:35:10 - INFO - TEST7_1
2024-07-15 07:35:10 - INFO - Update consultation_pg 
Set status = consultation_pg_temp.status,
updated_date = consultation_pg_temp.updated_date FROM consultation_pg_temp
WHERE consultation_pg.consultation_id = consultation_pg_temp.consultation_id 


2024-07-15 07:35:10 - INFO - TEST7_2
2024-07-15 07:35:10 - DEBUG - insert count: (31,)
2024-07-15 07:35:10 - INFO - TEST8
2024-07-15 07:35:10 - INFO - TEST9
2024-07-15 07:35:10 - INFO - time taken By Solution C: 0.04023170471191406
2024-07-15 07:35:10 - INFO - ------------------------------
2024-07-15 07:35:10 - INFO - END*****LOAD POSTGRES*****
2024-07-15 07:35:10 - INFO - /app/data/data_to_load.csv
2024-07-15 07:35:10 - INFO - file removed successfully
2024-07-15 07:35:10 - INFO - iter: 0 done
2024-07-15 07:35:11 - INFO - LOOP True
2024-07-15 07:35:11 - INFO - START*****EXTRACT MYSQL*****
2024-07-15 07:35:11 - INFO - ------------------------------
2024-07-15 07:35:14 - INFO - 500
2024-07-15 07:35:14 - INFO - start date '2024-07-15 07:04:37'
2024-07-15 07:35:14 - INFO - Select consultation_id, member_id, status, date_added,updated_date From consultation 
where updated_date >= '2024-07-15 07:04:37' LIMIT 500 OFFSET 500;
2024-07-15 07:35:14 - INFO - size is zero
2024-07-15 07:35:15 - INFO - 2024-07-15 07:35:07
2024-07-15 07:35:15 - INFO - 2024-07-15 07:35:07
2024-07-15 07:35:15 - INFO - TEESTTT
2024-07-15 07:35:15 - INFO - 
2024-07-15 07:35:15 - INFO - Job "tick (trigger: interval[0:30:00], next run at: 2024-07-15 08:05:06 UTC)" executed successfully
2024-07-15 07:51:21 - DEBUG - /etc/timezone found, contents:
 Etc/UTC

2024-07-15 07:51:21 - DEBUG - /etc/localtime found
2024-07-15 07:51:21 - DEBUG - 2 found:
 {'/etc/timezone': 'Etc/UTC', '/etc/localtime is a symlink to': 'Etc/UTC'}
2024-07-15 07:51:21 - INFO - Adding job tentatively -- it will be properly scheduled when the scheduler starts
2024-07-15 07:51:21 - INFO - Added job "tick" to job store "default"
2024-07-15 07:51:21 - INFO - Scheduler started
2024-07-15 07:51:21 - DEBUG - Looking for jobs to run
2024-07-15 07:51:21 - DEBUG - Next wakeup is due at 2024-07-15 08:21:21.262301+00:00 (in 1799.997976 seconds)
2024-07-15 08:21:21 - DEBUG - Looking for jobs to run
2024-07-15 08:21:21 - INFO - Running job "tick (trigger: interval[0:30:00], next run at: 2024-07-15 08:21:21 UTC)" (scheduled at 2024-07-15 08:21:21.262301+00:00)
2024-07-15 08:21:21 - DEBUG - Next wakeup is due at 2024-07-15 08:51:21.262301+00:00 (in 1799.990196 seconds)
2024-07-15 08:21:21 - INFO - SOO THEN??
2024-07-15 08:21:21 - INFO - the new date '2024-07-15 07:35:07'
2024-07-15 08:21:21 - INFO - LOOP True
2024-07-15 08:21:21 - INFO - START*****EXTRACT MYSQL*****
2024-07-15 08:21:21 - INFO - ------------------------------
2024-07-15 08:21:24 - INFO - 0
2024-07-15 08:21:24 - INFO - start date '2024-07-15 07:35:07'
2024-07-15 08:21:24 - INFO - Select consultation_id, member_id, status, date_added,updated_date From consultation 
where updated_date >= '2024-07-15 07:35:07' LIMIT 500 OFFSET 0;
2024-07-15 08:21:25 - INFO - size is: 108
2024-07-15 08:21:25 - INFO - TEESTTT2
2024-07-15 08:21:25 - INFO -    consultation_id  member_id  status          date_added        updated_date
0          6188440   12831383  closed 2024-07-15 06:36:24 2024-07-15 07:37:53
1          6188496    4551610  closed 2024-07-15 07:25:30 2024-07-15 07:39:29
2          6188480    9481919  closed 2024-07-15 07:10:26 2024-07-15 07:40:15
3          6188499   12813789  closed 2024-07-15 07:28:30 2024-07-15 07:41:38
4          6188495   12831496  closed 2024-07-15 07:24:06 2024-07-15 07:42:19
2024-07-15 08:21:25 - INFO - ------------------------------
2024-07-15 08:21:25 - INFO - END*****EXTRACT MYSQL*****
2024-07-15 08:21:25 - INFO - ------------------------------
2024-07-15 08:21:25 - INFO - ------------------------------
2024-07-15 08:21:25 - INFO - ------------------------------
2024-07-15 08:21:25 - INFO - ------------------------------
2024-07-15 08:21:25 - INFO - ------------------------------
2024-07-15 08:21:25 - INFO - START*****LOAD POSTGRES*****
2024-07-15 08:21:25 - INFO - ------------------------------
2024-07-15 08:21:25 - INFO - WHHAAAATSSSS WROOOONGGG
2024-07-15 08:21:25 - INFO - connect: True
2024-07-15 08:21:25 - INFO - <bound method NDFrame.head of      consultation_id  member_id  ...           date_added         updated_date
0            6188440   12831383  ...  2024-07-15 06:36:24  2024-07-15 07:37:53
1            6188496    4551610  ...  2024-07-15 07:25:30  2024-07-15 07:39:29
2            6188480    9481919  ...  2024-07-15 07:10:26  2024-07-15 07:40:15
3            6188499   12813789  ...  2024-07-15 07:28:30  2024-07-15 07:41:38
4            6188495   12831496  ...  2024-07-15 07:24:06  2024-07-15 07:42:19
..               ...        ...  ...                  ...                  ...
103          6188581    3914853  ...  2024-07-15 08:16:21  2024-07-15 08:21:04
104          6188589    4170306  ...  2024-07-15 08:20:55  2024-07-15 08:21:04
105          6188575   12782748  ...  2024-07-15 08:14:32  2024-07-15 08:21:05
106          6188583    3838064  ...  2024-07-15 08:17:14  2024-07-15 08:21:18
107          6188591   11928917  ...  2024-07-15 08:21:22  2024-07-15 08:21:22

[108 rows x 5 columns]>
2024-07-15 08:21:25 - INFO - data_size: (108, 5)
2024-07-15 08:21:25 - INFO - '2024-07-15 07:35:07'
2024-07-15 08:21:25 - INFO - ---------------
2024-07-15 08:21:25 - INFO - Data deleted: 19
2024-07-15 08:21:25 - INFO - Inserted rows count:108
2024-07-15 08:21:25 - INFO - time taken by solution B: 0.031762123107910156
2024-07-15 08:21:25 - INFO - ------------------------------
2024-07-15 08:21:25 - INFO - END*****LOAD POSTGRES*****
2024-07-15 08:21:25 - INFO - /app/data/data_to_load.csv
2024-07-15 08:21:25 - INFO - file removed successfully
2024-07-15 08:21:25 - INFO - iter: 0 done
2024-07-15 08:21:26 - INFO - LOOP True
2024-07-15 08:21:26 - INFO - START*****EXTRACT MYSQL*****
2024-07-15 08:21:26 - INFO - ------------------------------
2024-07-15 08:21:28 - INFO - 500
2024-07-15 08:21:28 - INFO - start date '2024-07-15 07:35:07'
2024-07-15 08:21:28 - INFO - Select consultation_id, member_id, status, date_added,updated_date From consultation 
where updated_date >= '2024-07-15 07:35:07' LIMIT 500 OFFSET 500;
2024-07-15 08:21:29 - INFO - size is zero
2024-07-15 08:21:29 - INFO - 2024-07-15 08:21:22
2024-07-15 08:21:29 - INFO - 2024-07-15 08:21:22
2024-07-15 08:21:29 - INFO - TEESTTT
2024-07-15 08:21:29 - INFO - 
2024-07-15 08:21:29 - INFO - Job "tick (trigger: interval[0:30:00], next run at: 2024-07-15 08:51:21 UTC)" executed successfully
2024-07-15 08:23:08 - DEBUG - /etc/timezone found, contents:
 Etc/UTC

2024-07-15 08:23:08 - DEBUG - /etc/localtime found
2024-07-15 08:23:08 - DEBUG - 2 found:
 {'/etc/timezone': 'Etc/UTC', '/etc/localtime is a symlink to': 'Etc/UTC'}
2024-07-15 08:23:08 - INFO - Adding job tentatively -- it will be properly scheduled when the scheduler starts
2024-07-15 08:23:08 - INFO - Added job "tick" to job store "default"
2024-07-15 08:23:08 - INFO - Scheduler started
2024-07-15 08:23:08 - DEBUG - Looking for jobs to run
2024-07-15 08:23:08 - DEBUG - Next wakeup is due at 2024-07-15 08:24:08.990019+00:00 (in 59.999150 seconds)
2024-07-15 08:24:08 - DEBUG - Looking for jobs to run
2024-07-15 08:24:08 - INFO - Running job "tick (trigger: interval[0:01:00], next run at: 2024-07-15 08:24:08 UTC)" (scheduled at 2024-07-15 08:24:08.990019+00:00)
2024-07-15 08:24:08 - DEBUG - Next wakeup is due at 2024-07-15 08:25:08.990019+00:00 (in 59.998491 seconds)
2024-07-15 08:24:08 - INFO - SOO THEN??
2024-07-15 08:24:08 - INFO - the new date '2024-07-15 08:21:22'
2024-07-15 08:24:08 - INFO - LOOP True
2024-07-15 08:24:08 - INFO - START*****EXTRACT MYSQL*****
2024-07-15 08:24:08 - INFO - ------------------------------
2024-07-15 08:24:11 - INFO - 0
2024-07-15 08:24:11 - INFO - start date '2024-07-15 08:21:22'
2024-07-15 08:24:11 - INFO - Select consultation_id, member_id, status, date_added,updated_date From consultation 
where updated_date >= '2024-07-15 08:21:22' LIMIT 500 OFFSET 0;
2024-07-15 08:24:12 - INFO - size is: 18
2024-07-15 08:24:12 - INFO - TEESTTT2
2024-07-15 08:24:12 - INFO -    consultation_id  member_id  ...          date_added        updated_date
0          6188586    1814946  ... 2024-07-15 08:19:52 2024-07-15 08:22:00
1          6188592   12831722  ... 2024-07-15 08:22:03 2024-07-15 08:22:15
2          6188590   12540224  ... 2024-07-15 08:20:56 2024-07-15 08:22:18
3          6188588   12430970  ... 2024-07-15 08:20:26 2024-07-15 08:22:35
4          6188585   10600473  ... 2024-07-15 08:18:24 2024-07-15 08:23:29

[5 rows x 5 columns]
2024-07-15 08:24:12 - INFO - ------------------------------
2024-07-15 08:24:12 - INFO - END*****EXTRACT MYSQL*****
2024-07-15 08:24:12 - INFO - ------------------------------
2024-07-15 08:24:12 - INFO - ------------------------------
2024-07-15 08:24:12 - INFO - ------------------------------
2024-07-15 08:24:12 - INFO - ------------------------------
2024-07-15 08:24:12 - INFO - ------------------------------
2024-07-15 08:24:12 - INFO - START*****LOAD POSTGRES*****
2024-07-15 08:24:12 - INFO - ------------------------------
2024-07-15 08:24:12 - INFO - WHHAAAATSSSS WROOOONGGG
2024-07-15 08:24:12 - INFO - connect: True
2024-07-15 08:24:12 - INFO - <bound method NDFrame.head of     consultation_id  member_id  ...           date_added         updated_date
0           6188586    1814946  ...  2024-07-15 08:19:52  2024-07-15 08:22:00
1           6188592   12831722  ...  2024-07-15 08:22:03  2024-07-15 08:22:15
2           6188590   12540224  ...  2024-07-15 08:20:56  2024-07-15 08:22:18
3           6188588   12430970  ...  2024-07-15 08:20:26  2024-07-15 08:22:35
4           6188585   10600473  ...  2024-07-15 08:18:24  2024-07-15 08:23:29
5           6188564    5852332  ...  2024-07-15 08:07:49  2024-07-15 08:23:33
6           6188556   12831650  ...  2024-07-15 08:04:02  2024-07-15 08:23:39
7           6188545   11968048  ...  2024-07-15 08:01:45  2024-07-15 08:23:52
8           6188551   12540877  ...  2024-07-15 08:02:50  2024-07-15 08:24:03
9           6188561   12831667  ...  2024-07-15 08:05:54  2024-07-15 08:24:04
10          6188567   12831676  ...  2024-07-15 08:08:40  2024-07-15 08:24:04
11          6188576    3327013  ...  2024-07-15 08:15:02  2024-07-15 08:24:04
12          6188581    3914853  ...  2024-07-15 08:16:21  2024-07-15 08:24:04
13          6188589    4170306  ...  2024-07-15 08:20:55  2024-07-15 08:24:04
14          6188593   12831710  ...  2024-07-15 08:22:49  2024-07-15 08:24:04
15          6188575   12782748  ...  2024-07-15 08:14:32  2024-07-15 08:24:05
16          6188591   11928917  ...  2024-07-15 08:21:22  2024-07-15 08:24:05
17          6188574   12540224  ...  2024-07-15 08:11:48  2024-07-15 08:24:11

[18 rows x 5 columns]>
2024-07-15 08:24:12 - INFO - data_size: (18, 5)
2024-07-15 08:24:12 - INFO - '2024-07-15 08:21:22'
2024-07-15 08:24:12 - INFO - ---------------
2024-07-15 08:24:12 - INFO - Data deleted: 16
2024-07-15 08:24:12 - INFO - Inserted rows count:18
2024-07-15 08:24:12 - INFO - time taken by solution B: 0.02244734764099121
2024-07-15 08:24:12 - INFO - ------------------------------
2024-07-15 08:24:12 - INFO - END*****LOAD POSTGRES*****
2024-07-15 08:24:12 - INFO - /app/data/data_to_load.csv
2024-07-15 08:24:12 - INFO - file removed successfully
2024-07-15 08:24:12 - INFO - iter: 0 done
2024-07-15 08:24:13 - INFO - LOOP True
2024-07-15 08:24:13 - INFO - START*****EXTRACT MYSQL*****
2024-07-15 08:24:13 - INFO - ------------------------------
2024-07-15 08:24:15 - INFO - 500
2024-07-15 08:24:15 - INFO - start date '2024-07-15 08:21:22'
2024-07-15 08:24:15 - INFO - Select consultation_id, member_id, status, date_added,updated_date From consultation 
where updated_date >= '2024-07-15 08:21:22' LIMIT 500 OFFSET 500;
2024-07-15 08:24:16 - INFO - size is zero
2024-07-15 08:24:16 - INFO - 2024-07-15 08:24:14
2024-07-15 08:24:16 - INFO - 2024-07-15 08:24:14
2024-07-15 08:24:16 - INFO - TEESTTT
2024-07-15 08:24:16 - INFO - 
2024-07-15 08:24:16 - INFO - Job "tick (trigger: interval[0:01:00], next run at: 2024-07-15 08:25:08 UTC)" executed successfully
2024-07-15 08:25:38 - DEBUG - /etc/timezone found, contents:
 Etc/UTC

2024-07-15 08:25:38 - DEBUG - /etc/localtime found
2024-07-15 08:25:38 - DEBUG - 2 found:
 {'/etc/timezone': 'Etc/UTC', '/etc/localtime is a symlink to': 'Etc/UTC'}
2024-07-15 08:25:38 - INFO - Adding job tentatively -- it will be properly scheduled when the scheduler starts
2024-07-15 08:25:38 - INFO - Added job "tick" to job store "default"
2024-07-15 08:25:38 - INFO - Scheduler started
2024-07-15 08:25:38 - DEBUG - Looking for jobs to run
2024-07-15 08:25:38 - DEBUG - Next wakeup is due at 2024-07-15 08:26:38.183966+00:00 (in 59.998910 seconds)
2024-07-15 08:26:38 - DEBUG - Looking for jobs to run
2024-07-15 08:26:38 - INFO - Running job "tick (trigger: interval[0:01:00], next run at: 2024-07-15 08:26:38 UTC)" (scheduled at 2024-07-15 08:26:38.183966+00:00)
2024-07-15 08:26:38 - DEBUG - Next wakeup is due at 2024-07-15 08:27:38.183966+00:00 (in 59.998567 seconds)
2024-07-15 08:26:38 - INFO - SOO THEN??
2024-07-15 08:26:38 - INFO - the new date '2024-07-15 08:24:14'
2024-07-15 08:26:38 - INFO - LOOP True
2024-07-15 08:26:38 - INFO - START*****EXTRACT MYSQL*****
2024-07-15 08:26:38 - INFO - ------------------------------
2024-07-15 08:26:41 - INFO - 0
2024-07-15 08:26:41 - INFO - start date '2024-07-15 08:24:14'
2024-07-15 08:26:41 - INFO - Select consultation_id, member_id, status, date_added,updated_date From consultation 
where updated_date >= '2024-07-15 08:24:14' LIMIT 500 OFFSET 0;
2024-07-15 08:26:41 - INFO - size is: 14
2024-07-15 08:26:41 - INFO - TEESTTT2
2024-07-15 08:26:41 - INFO -    consultation_id  member_id  ...          date_added        updated_date
0          6188556   12831650  ... 2024-07-15 08:04:02 2024-07-15 08:24:48
1          6188551   12540877  ... 2024-07-15 08:02:50 2024-07-15 08:26:02
2          6188561   12831667  ... 2024-07-15 08:05:54 2024-07-15 08:26:03
3          6188567   12831676  ... 2024-07-15 08:08:40 2024-07-15 08:26:03
4          6188581    3914853  ... 2024-07-15 08:16:21 2024-07-15 08:26:03

[5 rows x 5 columns]
2024-07-15 08:26:41 - INFO - ------------------------------
2024-07-15 08:26:41 - INFO - END*****EXTRACT MYSQL*****
2024-07-15 08:26:41 - INFO - ------------------------------
2024-07-15 08:26:41 - INFO - ------------------------------
2024-07-15 08:26:41 - INFO - ------------------------------
2024-07-15 08:26:41 - INFO - ------------------------------
2024-07-15 08:26:41 - INFO - ------------------------------
2024-07-15 08:26:41 - INFO - START*****LOAD POSTGRES*****
2024-07-15 08:26:41 - INFO - ------------------------------
2024-07-15 08:26:41 - INFO - WHHAAAATSSSS WROOOONGGG
2024-07-15 08:26:42 - INFO - connect: True
2024-07-15 08:26:42 - INFO - <bound method NDFrame.head of     consultation_id  member_id  ...           date_added         updated_date
0           6188556   12831650  ...  2024-07-15 08:04:02  2024-07-15 08:24:48
1           6188551   12540877  ...  2024-07-15 08:02:50  2024-07-15 08:26:02
2           6188561   12831667  ...  2024-07-15 08:05:54  2024-07-15 08:26:03
3           6188567   12831676  ...  2024-07-15 08:08:40  2024-07-15 08:26:03
4           6188581    3914853  ...  2024-07-15 08:16:21  2024-07-15 08:26:03
5           6188593   12831710  ...  2024-07-15 08:22:49  2024-07-15 08:26:03
6           6188575   12782748  ...  2024-07-15 08:14:32  2024-07-15 08:26:04
7           6188591   11928917  ...  2024-07-15 08:21:22  2024-07-15 08:26:04
8           6188576    3327013  ...  2024-07-15 08:15:02  2024-07-15 08:26:13
9           6188592   12831722  ...  2024-07-15 08:22:03  2024-07-15 08:26:28
10          6188595   12553111  ...  2024-07-15 08:26:29  2024-07-15 08:26:29
11          6188589    4170306  ...  2024-07-15 08:20:55  2024-07-15 08:26:32
12          6188594    7428591  ...  2024-07-15 08:26:21  2024-07-15 08:26:35
13          6188585   10600473  ...  2024-07-15 08:18:24  2024-07-15 08:26:38

[14 rows x 5 columns]>
2024-07-15 08:26:42 - INFO - data_size: (14, 5)
2024-07-15 08:26:42 - INFO - '2024-07-15 08:24:14'
2024-07-15 08:26:42 - INFO - ---------------
2024-07-15 08:26:42 - INFO - Data deleted: 12
2024-07-15 08:26:42 - INFO - Inserted rows count:14
2024-07-15 08:26:42 - INFO - time taken by solution B: 0.029621124267578125
2024-07-15 08:26:42 - INFO - ------------------------------
2024-07-15 08:26:42 - INFO - END*****LOAD POSTGRES*****
2024-07-15 08:26:42 - INFO - /app/data/data_to_load.csv
2024-07-15 08:26:42 - INFO - file removed successfully
2024-07-15 08:26:42 - INFO - iter: 0 done
2024-07-15 08:26:43 - INFO - LOOP True
2024-07-15 08:26:43 - INFO - START*****EXTRACT MYSQL*****
2024-07-15 08:26:43 - INFO - ------------------------------
2024-07-15 08:26:45 - INFO - 500
2024-07-15 08:26:45 - INFO - start date '2024-07-15 08:24:14'
2024-07-15 08:26:45 - INFO - Select consultation_id, member_id, status, date_added,updated_date From consultation 
where updated_date >= '2024-07-15 08:24:14' LIMIT 500 OFFSET 500;
2024-07-15 08:26:46 - INFO - size is zero
2024-07-15 08:26:46 - INFO - 2024-07-15 08:26:44
2024-07-15 08:26:46 - INFO - 2024-07-15 08:26:44
2024-07-15 08:26:46 - INFO - TEESTTT
2024-07-15 08:26:46 - INFO - 
2024-07-15 08:26:46 - INFO - Job "tick (trigger: interval[0:01:00], next run at: 2024-07-15 08:27:38 UTC)" executed successfully
2024-07-15 08:26:55 - DEBUG - /etc/timezone found, contents:
 Etc/UTC

2024-07-15 08:26:55 - DEBUG - /etc/localtime found
2024-07-15 08:26:55 - DEBUG - 2 found:
 {'/etc/timezone': 'Etc/UTC', '/etc/localtime is a symlink to': 'Etc/UTC'}
2024-07-15 08:26:55 - INFO - Adding job tentatively -- it will be properly scheduled when the scheduler starts
2024-07-15 08:26:55 - INFO - Added job "tick" to job store "default"
2024-07-15 08:26:55 - INFO - Scheduler started
2024-07-15 08:26:55 - DEBUG - Looking for jobs to run
2024-07-15 08:26:55 - DEBUG - Next wakeup is due at 2024-07-15 08:27:55.265405+00:00 (in 59.999306 seconds)
2024-07-15 08:27:22 - DEBUG - /etc/timezone found, contents:
 Etc/UTC

2024-07-15 08:27:22 - DEBUG - /etc/localtime found
2024-07-15 08:27:22 - DEBUG - 2 found:
 {'/etc/timezone': 'Etc/UTC', '/etc/localtime is a symlink to': 'Etc/UTC'}
2024-07-15 08:27:22 - INFO - Adding job tentatively -- it will be properly scheduled when the scheduler starts
2024-07-15 08:27:22 - INFO - Added job "tick" to job store "default"
2024-07-15 08:27:22 - INFO - Scheduler started
2024-07-15 08:27:22 - DEBUG - Looking for jobs to run
2024-07-15 08:27:22 - DEBUG - Next wakeup is due at 2024-07-15 08:28:22.932682+00:00 (in 59.999159 seconds)
2024-07-15 08:28:22 - DEBUG - Looking for jobs to run
2024-07-15 08:28:22 - INFO - Running job "tick (trigger: interval[0:01:00], next run at: 2024-07-15 08:28:22 UTC)" (scheduled at 2024-07-15 08:28:22.932682+00:00)
2024-07-15 08:28:22 - INFO - SOO THEN??
2024-07-15 08:28:22 - DEBUG - Next wakeup is due at 2024-07-15 08:29:22.932682+00:00 (in 59.998496 seconds)
2024-07-15 08:28:22 - INFO - the new date '2024-07-15 08:26:44'
2024-07-15 08:28:22 - INFO - LOOP True
2024-07-15 08:28:22 - INFO - START*****EXTRACT MYSQL*****
2024-07-15 08:28:22 - INFO - ------------------------------
2024-07-15 08:28:25 - INFO - 0
2024-07-15 08:28:25 - INFO - start date '2024-07-15 08:26:44'
2024-07-15 08:28:25 - INFO - Select consultation_id, member_id, status, date_added,updated_date From consultation 
where updated_date >= '2024-07-15 08:26:44' LIMIT 500 OFFSET 0;
2024-07-15 08:28:25 - INFO - size is: 15
2024-07-15 08:28:25 - INFO - TEESTTT2
2024-07-15 08:28:25 - INFO -    consultation_id  member_id  ...          date_added        updated_date
0          6188545   11968048  ... 2024-07-15 08:01:45 2024-07-15 08:26:53
1          6188593   12831710  ... 2024-07-15 08:22:49 2024-07-15 08:27:12
2          6188587    3418947  ... 2024-07-15 08:20:03 2024-07-15 08:27:27
3          6188551   12540877  ... 2024-07-15 08:02:50 2024-07-15 08:28:02
4          6188561   12831667  ... 2024-07-15 08:05:54 2024-07-15 08:28:03

[5 rows x 5 columns]
2024-07-15 08:28:26 - INFO - ------------------------------
2024-07-15 08:28:26 - INFO - END*****EXTRACT MYSQL*****
2024-07-15 08:28:26 - INFO - ------------------------------
2024-07-15 08:28:26 - INFO - ------------------------------
2024-07-15 08:28:26 - INFO - ------------------------------
2024-07-15 08:28:26 - INFO - ------------------------------
2024-07-15 08:28:26 - INFO - ------------------------------
2024-07-15 08:28:26 - INFO - START*****LOAD POSTGRES*****
2024-07-15 08:28:26 - INFO - ------------------------------
2024-07-15 08:28:26 - INFO - WHHAAAATSSSS WROOOONGGG
2024-07-15 08:28:26 - INFO - connect: True
2024-07-15 08:28:26 - INFO - <bound method NDFrame.head of     consultation_id  member_id  ...           date_added         updated_date
0           6188545   11968048  ...  2024-07-15 08:01:45  2024-07-15 08:26:53
1           6188593   12831710  ...  2024-07-15 08:22:49  2024-07-15 08:27:12
2           6188587    3418947  ...  2024-07-15 08:20:03  2024-07-15 08:27:27
3           6188551   12540877  ...  2024-07-15 08:02:50  2024-07-15 08:28:02
4           6188561   12831667  ...  2024-07-15 08:05:54  2024-07-15 08:28:03
5           6188567   12831676  ...  2024-07-15 08:08:40  2024-07-15 08:28:03
6           6188581    3914853  ...  2024-07-15 08:16:21  2024-07-15 08:28:03
7           6188595   12553111  ...  2024-07-15 08:26:29  2024-07-15 08:28:03
8           6188596   10890072  ...  2024-07-15 08:27:19  2024-07-15 08:28:03
9           6188505    9143228  ...  2024-07-15 07:41:04  2024-07-15 08:28:04
10          6188575   12782748  ...  2024-07-15 08:14:32  2024-07-15 08:28:04
11          6188591   11928917  ...  2024-07-15 08:21:22  2024-07-15 08:28:04
12          6188592   12831722  ...  2024-07-15 08:22:03  2024-07-15 08:28:08
13          6188589    4170306  ...  2024-07-15 08:20:55  2024-07-15 08:28:11
14          6188594    7428591  ...  2024-07-15 08:26:21  2024-07-15 08:28:17

[15 rows x 5 columns]>
2024-07-15 08:28:26 - INFO - data_size: (15, 5)
2024-07-15 08:28:26 - INFO - '2024-07-15 08:26:44'
2024-07-15 08:28:26 - INFO - ---------------
2024-07-15 08:28:26 - INFO - TEST1
2024-07-15 08:28:26 - INFO - TEST2
2024-07-15 08:28:26 - INFO - TEST3
2024-07-15 08:28:26 - INFO - TEST4
2024-07-15 08:28:26 - INFO - TEST5
2024-07-15 08:28:26 - INFO - rows inserted to consultation_pg_temp 15
2024-07-15 08:28:26 - INFO - TEST6
2024-07-15 08:28:26 - INFO - Update consultation_pg 
Set status = consultation_pg_temp.status,
updated_date = consultation_pg_temp.updated_date FROM consultation_pg_temp
WHERE consultation_pg.consultation_id = consultation_pg_temp.consultation_id 


2024-07-15 08:28:26 - INFO - TEST7_2
2024-07-15 08:28:26 - INFO - TEST9
2024-07-15 08:28:26 - INFO - time taken By Solution C: 0.025850772857666016
2024-07-15 08:28:26 - INFO - ------------------------------
2024-07-15 08:28:26 - INFO - END*****LOAD POSTGRES*****
2024-07-15 08:28:26 - INFO - /app/data/data_to_load.csv
2024-07-15 08:28:26 - INFO - file removed successfully
2024-07-15 08:28:26 - INFO - iter: 0 done
2024-07-15 08:28:27 - INFO - LOOP True
2024-07-15 08:28:27 - INFO - START*****EXTRACT MYSQL*****
2024-07-15 08:28:27 - INFO - ------------------------------
2024-07-15 08:28:29 - INFO - 500
2024-07-15 08:28:29 - INFO - start date '2024-07-15 08:26:44'
2024-07-15 08:28:29 - INFO - Select consultation_id, member_id, status, date_added,updated_date From consultation 
where updated_date >= '2024-07-15 08:26:44' LIMIT 500 OFFSET 500;
2024-07-15 08:28:30 - INFO - size is zero
2024-07-15 08:28:30 - INFO - 2024-07-15 08:28:17
2024-07-15 08:28:30 - INFO - 2024-07-15 08:28:17
2024-07-15 08:28:30 - INFO - TEESTTT
2024-07-15 08:28:30 - INFO - 
2024-07-15 08:28:30 - INFO - Job "tick (trigger: interval[0:01:00], next run at: 2024-07-15 08:29:22 UTC)" executed successfully
